<?xml version="1.0" encoding="UTF-8"?>
<!-- Generated by org.testng.reporters.JUnitReportReporter -->
<testsuite skipped="0" hostname="Automata" name="PageTests.AlertTest" tests="1" failures="0" timestamp="2022-02-27T15:20:55 EST" time="0.151" errors="0">
  <testcase name="errorMsgTest" time="0.151" classname="PageTests.AlertTest"/>
  <system-out/>
</testsuite> <!-- PageTests.AlertTest -->
