<?xml version="1.0" encoding="UTF-8"?>
<!-- Generated by org.testng.reporters.JUnitReportReporter -->
<testsuite skipped="0" hostname="Automata" name="PageTests.FunTests" tests="1" failures="0" timestamp="2022-02-27T13:55:03 EST" time="0.001" errors="0">
  <testcase name="funTest2" time="0.001" classname="PageTests.FunTests"/>
  <system-out/>
</testsuite> <!-- PageTests.FunTests -->
